<?xml version="1.0" encoding="UTF-8"?>
<!-- Generated by org.testng.reporters.JUnitXMLReporter -->
<testsuite ignored="0" hostname="OAKV-ISUSLENKOV" failures="0" tests="4" name="PetTests" time="2.995" errors="0" timestamp="2024-01-11T11:56:59 EST">
  <testcase classname="api.test.UserTests" name="testPostUser" time="1.495"/>
  <testcase classname="api.test.UserTests" name="testGetUserByName" time="0.164"/>
  <testcase classname="api.test.UserTests" name="testUpdateByUsername" time="0.269"/>
  <testcase classname="api.test.UserTests" name="testDeleteUserByName" time="0.134"/>
</testsuite> <!-- PetTests -->
