<?xml version="1.0" encoding="UTF-8"?>
<!-- Generated by org.testng.reporters.JUnitXMLReporter -->
<testsuite ignored="0" hostname="OAKV-ISUSLENKOV" failures="2" tests="6" name="Surefire test" time="2.735" errors="0" timestamp="2024-01-11T11:37:51 EST">
  <testcase classname="api.test.DDTests" name="testPostUser" time="0.0">
    <failure type="java.lang.RuntimeException" message="java.lang.NullPointerException">
      <![CDATA[java.lang.RuntimeException: java.lang.NullPointerException
at java.base/java.util.ArrayList.forEach(ArrayList.java:1511)
Caused by: java.lang.NullPointerException
at java.base/java.io.FileInputStream.<init>(FileInputStream.java:150)
at java.base/java.io.FileInputStream.<init>(FileInputStream.java:112)
at api.utilities.XLUtility.getRowCount(XLUtility.java:34)
at api.utilities.DataProviders.getAllData(DataProviders.java:15)
... 30 more
... Removed 35 stack frames]]>
    </failure>
  </testcase> <!-- testPostUser -->
  <testcase classname="api.test.DDTests" name="deleteUserByName" time="0.0">
    <failure type="java.lang.RuntimeException" message="java.lang.NullPointerException">
      <![CDATA[java.lang.RuntimeException: java.lang.NullPointerException
at java.base/java.util.ArrayList.forEach(ArrayList.java:1511)
Caused by: java.lang.NullPointerException
at java.base/java.io.FileInputStream.<init>(FileInputStream.java:150)
at java.base/java.io.FileInputStream.<init>(FileInputStream.java:112)
at api.utilities.XLUtility.getRowCount(XLUtility.java:34)
at api.utilities.DataProviders.getUserNames(DataProviders.java:33)
... 30 more
... Removed 35 stack frames]]>
    </failure>
  </testcase> <!-- deleteUserByName -->
  <testcase classname="api.test.UserTests" name="testPostUser" time="1.412"/>
  <testcase classname="api.test.UserTests" name="testGetUserByName" time="0.171"/>
  <testcase classname="api.test.UserTests" name="testUpdateByUsername" time="0.278"/>
  <testcase classname="api.test.UserTests" name="testDeleteUserByName" time="0.133"/>
</testsuite> <!-- Surefire test -->
