<?xml version="1.0" encoding="UTF-8"?>
<!-- Generated by org.testng.reporters.JUnitXMLReporter -->
<testsuite ignored="0" hostname="OAKV-ISUSLENKOV" failures="0" tests="4" name="Default test" time="2.575" errors="0" timestamp="2024-01-11T11:12:45 EST">
  <testcase classname="api.test.UserTests" name="testPostUser" time="1.315"/>
  <testcase classname="api.test.UserTests" name="testGetUserByName" time="0.154"/>
  <testcase classname="api.test.UserTests" name="testUpdateByUsername" time="0.27"/>
  <testcase classname="api.test.UserTests" name="testDeleteUserByName" time="0.132"/>
</testsuite> <!-- Default test -->
