<?xml version="1.0" encoding="UTF-8"?>
<testng-results ignored="0" total="4" passed="4" failed="0" skipped="0">
  <reporter-output>
  </reporter-output>
  <suite started-at="2024-01-11T11:56:55 EST" name="PetStoreSuite" finished-at="2024-01-11T11:56:58 EST" duration-ms="2995">
    <groups>
    </groups>
    <test started-at="2024-01-11T11:56:55 EST" name="PetTests" finished-at="2024-01-11T11:56:58 EST" duration-ms="2995">
      <class name="api.test.UserTests">
        <test-method is-config="true" signature="setup()[pri:0, instance:api.test.UserTests@694abbdc]" started-at="2024-01-11T11:56:56 EST" name="setup" finished-at="2024-01-11T11:56:56 EST" duration-ms="701" status="PASS">
          <reporter-output>
          </reporter-output>
        </test-method> <!-- setup -->
        <test-method signature="testPostUser()[pri:1, instance:api.test.UserTests@694abbdc]" started-at="2024-01-11T11:56:56 EST" name="testPostUser" finished-at="2024-01-11T11:56:58 EST" duration-ms="1495" status="PASS">
          <reporter-output>
          </reporter-output>
        </test-method> <!-- testPostUser -->
        <test-method signature="testGetUserByName()[pri:2, instance:api.test.UserTests@694abbdc]" started-at="2024-01-11T11:56:58 EST" name="testGetUserByName" finished-at="2024-01-11T11:56:58 EST" duration-ms="164" status="PASS">
          <reporter-output>
          </reporter-output>
        </test-method> <!-- testGetUserByName -->
        <test-method signature="testUpdateByUsername()[pri:3, instance:api.test.UserTests@694abbdc]" started-at="2024-01-11T11:56:58 EST" name="testUpdateByUsername" finished-at="2024-01-11T11:56:58 EST" duration-ms="269" status="PASS">
          <reporter-output>
          </reporter-output>
        </test-method> <!-- testUpdateByUsername -->
        <test-method signature="testDeleteUserByName()[pri:4, instance:api.test.UserTests@694abbdc]" started-at="2024-01-11T11:56:58 EST" name="testDeleteUserByName" finished-at="2024-01-11T11:56:58 EST" duration-ms="134" status="PASS">
          <reporter-output>
          </reporter-output>
        </test-method> <!-- testDeleteUserByName -->
      </class> <!-- api.test.UserTests -->
    </test> <!-- PetTests -->
  </suite> <!-- PetStoreSuite -->
</testng-results>
